<?xml version="1.0" encoding="UTF-8"?>
<!-- Generated by org.testng.reporters.JUnitReportReporter -->
<testsuite name="appICE.ClarificationPoint.CSVData_Reader" tests="1" time="15.161" ignored="0" failures="0" timestamp="01 Aug 2017 05:53:23 GMT" skipped="0" hostname="RamaSwamy" errors="0">
  <testcase name="test" time="15.161" classname="appICE.ClarificationPoint.CSVData_Reader"/>
</testsuite> <!-- appICE.ClarificationPoint.CSVData_Reader -->
