<?xml version="1.0" encoding="UTF-8"?>
<!-- Generated by org.testng.reporters.JUnitReportReporter -->
<testsuite hostname="Rama-PC" name="com.AppICE_TestCases_For_RRP_LP.TestCase_0001_lgnpg" tests="1" failures="0" timestamp="21 Sep 2016 11:05:59 GMT" time="2.749" errors="0">
  <testcase name="Loginpage_TestCase_1" time="2.749" classname="com.AppICE_TestCases_For_RRP_LP.TestCase_0001_lgnpg"/>
</testsuite> <!-- com.AppICE_TestCases_For_RRP_LP.TestCase_0001_lgnpg -->
