<?xml version="1.0" encoding="UTF-8"?>
<!-- Generated by org.testng.reporters.JUnitReportReporter -->
<testsuite hostname="Rama-PC" name="com.AppICE_TestCases_For_RRP_LP.TestCase_0008_InvalidData" tests="1" failures="0" timestamp="21 Sep 2016 11:05:59 GMT" time="4.743" errors="0">
  <testcase name="registerInvalidData" time="4.743" classname="com.AppICE_TestCases_For_RRP_LP.TestCase_0008_InvalidData"/>
</testsuite> <!-- com.AppICE_TestCases_For_RRP_LP.TestCase_0008_InvalidData -->
