<?xml version="1.0" encoding="UTF-8"?>
<!-- Generated by org.testng.reporters.JUnitReportReporter -->
<testsuite hostname="Rama-PC" name="com.AppICE_TestCases.TestCase1_lgnpg" tests="1" failures="0" timestamp="13 Sep 2016 05:15:23 GMT" time="8.370" errors="0">
  <testcase name="Loginpage_TestCase_1" time="8.370" classname="com.AppICE_TestCases.TestCase1_lgnpg"/>
</testsuite> <!-- com.AppICE_TestCases.TestCase1_lgnpg -->
