<?xml version="1.0" encoding="UTF-8"?>
<!-- Generated by org.testng.reporters.JUnitReportReporter -->
<testsuite hostname="Madhuram" name="com.AppICE_TestCases.TestCase2_Credencials" tests="1" failures="0" timestamp="11 Sep 2016 04:35:45 GMT" time="26.837" errors="0">
  <testcase name="Homeloginpage" time="26.837" classname="com.AppICE_TestCases.TestCase2_Credencials"/>
</testsuite> <!-- com.AppICE_TestCases.TestCase2_Credencials -->
