<?xml version="1.0" encoding="UTF-8"?>
<!-- Generated by org.testng.reporters.JUnitReportReporter -->
<testsuite name="appICE.ClarificationPoint.Google" tests="2" time="26.687" ignored="0" failures="0" timestamp="08 Aug 2017 07:25:17 GMT" skipped="0" hostname="RamaSwamy" errors="0">
  <testcase name="search" time="12.093" classname="appICE.ClarificationPoint.Google"/>
  <testcase name="search" time="14.594" classname="appICE.ClarificationPoint.Google"/>
</testsuite> <!-- appICE.ClarificationPoint.Google -->
