<?xml version="1.0" encoding="UTF-8"?>
<!-- Generated by org.testng.reporters.JUnitReportReporter -->
<testsuite skipped="0" hostname="DESKTOP-7BRIF19" name="com.AppICE_TC_SetUp_New_Apps.TC_0002" tests="1" failures="0" timestamp="8 Nov 2016 08:36:21 GMT" time="42.813" errors="0">
  <testcase name="IOSApp" time="42.813" classname="com.AppICE_TC_SetUp_New_Apps.TC_0002"/>
</testsuite> <!-- com.AppICE_TC_SetUp_New_Apps.TC_0002 -->
