<?xml version="1.0" encoding="UTF-8"?>
<!-- Generated by org.testng.reporters.JUnitReportReporter -->
<testsuite hostname="Rama-PC" name="com.AppICE_TestCases.TestCase_0007_ValidData" tests="1" failures="0" timestamp="19 Sep 2016 09:33:21 GMT" time="8.017" errors="0">
  <testcase name="registerValidData" time="8.017" classname="com.AppICE_TestCases.TestCase_0007_ValidData"/>
</testsuite> <!-- com.AppICE_TestCases.TestCase_0007_ValidData -->
