<?xml version="1.0" encoding="UTF-8"?>
<!-- Generated by org.testng.reporters.JUnitReportReporter -->
<testsuite skipped="0" hostname="DESKTOP-7BRIF19" name="com.TestCases.EventsPage_TC" tests="1" failures="0" timestamp="27 Oct 2016 08:45:48 GMT" time="70.886" errors="0">
  <testcase name="Events" time="70.886" classname="com.TestCases.EventsPage_TC"/>
</testsuite> <!-- com.TestCases.EventsPage_TC -->
