<?xml version="1.0" encoding="UTF-8"?>
<!-- Generated by org.testng.reporters.JUnitReportReporter -->
<testsuite hostname="Madhuram" name="com.AppICE_TC_SetUp_New_Apps.TC_0001" tests="1" failures="0" timestamp="5 Nov 2016 09:02:33 GMT" time="73.138" errors="0">
  <testcase name="clickOnSetupNewApp" time="73.138" classname="com.AppICE_TC_SetUp_New_Apps.TC_0001"/>
</testsuite> <!-- com.AppICE_TC_SetUp_New_Apps.TC_0001 -->
