<?xml version="1.0" encoding="UTF-8"?>
<!-- Generated by org.testng.reporters.JUnitReportReporter -->
<testsuite hostname="Rama-PC" name="com.AppICE_TestCases.TestCase6_Invalid_Valid_Case" tests="1" failures="0" timestamp="13 Sep 2016 05:15:23 GMT" time="7.748" errors="0">
  <testcase name="Homeloginpage_InvalidAndValid_TestCase_6" time="7.748" classname="com.AppICE_TestCases.TestCase6_Invalid_Valid_Case"/>
</testsuite> <!-- com.AppICE_TestCases.TestCase6_Invalid_Valid_Case -->
