<?xml version="1.0" encoding="UTF-8"?>
<!-- Generated by org.testng.reporters.JUnitReportReporter -->
<testsuite name="baseClasses.Gaurav" tests="1" time="26.632" ignored="0" failures="0" timestamp="11 May 2017 11:46:08 GMT" skipped="0" hostname="RamaSwamy" errors="0">
  <testcase name="test1" time="26.632" classname="baseClasses.Gaurav"/>
</testsuite> <!-- baseClasses.Gaurav -->
