<?xml version="1.0" encoding="UTF-8"?>
<!-- Generated by org.testng.reporters.JUnitReportReporter -->
<testsuite hostname="Madhuram" name="com.AppICE.ClarificationPoint.FindingUniqueDashboardButton" tests="1" failures="0" timestamp="31 Oct 2016 17:44:55 GMT" time="29.996" errors="0">
  <testcase name="DashboardElement" time="29.996" classname="com.AppICE.ClarificationPoint.FindingUniqueDashboardButton"/>
</testsuite> <!-- com.AppICE.ClarificationPoint.FindingUniqueDashboardButton -->
