<?xml version="1.0" encoding="UTF-8"?>
<!-- Generated by org.testng.reporters.JUnitReportReporter -->
<testsuite hostname="RamaSwamy" name="ai_TC_For_AppICEHomePage.AppICERegisterPage" tests="5" failures="0" timestamp="28 Sep 2017 10:02:13 GMT" time="103.174" errors="0">
  <testcase name="RegisterPageValidData" time="5.966" classname="ai_TC_For_AppICEHomePage.AppICERegisterPage"/>
  <testcase name="RegisterPageInValidData" time="29.360" classname="ai_TC_For_AppICEHomePage.AppICERegisterPage"/>
  <testcase name="RegisterPageInValidData" time="30.231" classname="ai_TC_For_AppICEHomePage.AppICERegisterPage"/>
  <testcase name="RegisterPageInValidData" time="8.360" classname="ai_TC_For_AppICEHomePage.AppICERegisterPage"/>
  <testcase name="RegisterPageInValidData" time="29.257" classname="ai_TC_For_AppICEHomePage.AppICERegisterPage"/>
</testsuite> <!-- ai_TC_For_AppICEHomePage.AppICERegisterPage -->
