<?xml version="1.0" encoding="UTF-8"?>
<!-- Generated by org.testng.reporters.JUnitReportReporter -->
<testsuite name="aiApp_TC_YesPay.Dashboard" tests="1" time="95.652" ignored="0" failures="0" timestamp="06 Jul 2017 13:03:35 GMT" skipped="0" hostname="RamaSwamy" errors="0">
  <testcase name="lastMonth" time="95.652" classname="aiApp_TC_YesPay.Dashboard"/>
</testsuite> <!-- aiApp_TC_YesPay.Dashboard -->
