<?xml version="1.0" encoding="UTF-8"?>
<!-- Generated by org.testng.reporters.JUnitReportReporter -->
<testsuite skipped="0" hostname="DESKTOP-7BRIF19" name="com.AppICE_TC_SetUp_New_Apps.TC_0006" tests="1" failures="0" timestamp="8 Nov 2016 10:41:10 GMT" time="58.067" errors="0">
  <testcase name="androidSDKDownload" time="58.067" classname="com.AppICE_TC_SetUp_New_Apps.TC_0006"/>
</testsuite> <!-- com.AppICE_TC_SetUp_New_Apps.TC_0006 -->
