<?xml version="1.0" encoding="UTF-8"?>
<!-- Generated by org.testng.reporters.JUnitReportReporter -->
<testsuite hostname="RamaSwamy" name="aiApp_TC_YesPay.YesPayDashboard1" tests="7" failures="0" timestamp="4 Sep 2017 11:15:15 GMT" time="415.600" errors="0">
  <testcase name="todayDateRange" time="58.145" classname="aiApp_TC_YesPay.YesPayDashboard1"/>
  <testcase name="todayDateRange" time="72.090" classname="aiApp_TC_YesPay.YesPayDashboard1"/>
  <testcase name="loginpage" time="18.941" classname="aiApp_TC_YesPay.YesPayDashboard1"/>
  <testcase name="yesterdayDateRange" time="68.328" classname="aiApp_TC_YesPay.YesPayDashboard1"/>
  <testcase name="yesterdayDateRange" time="73.842" classname="aiApp_TC_YesPay.YesPayDashboard1"/>
  <testcase name="todayDateRange" time="67.560" classname="aiApp_TC_YesPay.YesPayDashboard1"/>
  <testcase name="yesterdayDateRange" time="56.694" classname="aiApp_TC_YesPay.YesPayDashboard1"/>
</testsuite> <!-- aiApp_TC_YesPay.YesPayDashboard1 -->
