<?xml version="1.0" encoding="UTF-8"?>
<!-- Generated by org.testng.reporters.JUnitReportReporter -->
<testsuite skipped="0" hostname="RamaSwamy" name="appICE_ClarificationPoint.TestNGVerify" tests="1" failures="0" timestamp="22 Aug 2017 06:47:59 GMT" time="0.157" errors="0">
  <testcase name="verifytittle" time="0.157" classname="appICE_ClarificationPoint.TestNGVerify"/>
</testsuite> <!-- appICE_ClarificationPoint.TestNGVerify -->
