<?xml version="1.0" encoding="UTF-8"?>
<!-- Generated by org.testng.reporters.JUnitReportReporter -->
<testsuite skipped="0" hostname="DESKTOP-7BRIF19" name="com.TestCases.TestClass" tests="1" failures="0" timestamp="27 Oct 2016 06:07:58 GMT" time="28.542" errors="0">
  <testcase name="Events" time="28.542" classname="com.TestCases.TestClass"/>
</testsuite> <!-- com.TestCases.TestClass -->
