<?xml version="1.0" encoding="UTF-8"?>
<!-- Generated by org.testng.reporters.JUnitReportReporter -->
<testsuite name="aiApp_TC_DemoApp.Dashboard" tests="1" time="17.726" ignored="0" failures="0" timestamp="05 Jul 2017 14:11:05 GMT" skipped="0" hostname="RamaSwamy" errors="0">
  <testcase name="demoAppVerification" time="17.726" classname="aiApp_TC_DemoApp.Dashboard"/>
</testsuite> <!-- aiApp_TC_DemoApp.Dashboard -->
