<?xml version="1.0" encoding="UTF-8"?>
<!-- Generated by org.testng.reporters.JUnitReportReporter -->
<testsuite hostname="RamaSwamy" name="aiApp_TC_YesPay.YesPayDashboard" tests="10" failures="0" timestamp="4 Sep 2017 05:41:41 GMT" time="705.233" errors="0">
  <testcase name="yesterdayDateRange" time="66.974" classname="aiApp_TC_YesPay.YesPayDashboard"/>
  <testcase name="yearCohort" time="47.520" classname="aiApp_TC_YesPay.YesPayDashboard"/>
  <testcase name="dailyCohort" time="75.029" classname="aiApp_TC_YesPay.YesPayDashboard"/>
  <testcase name="weeklyCohort" time="95.300" classname="aiApp_TC_YesPay.YesPayDashboard"/>
  <testcase name="todayDateRange" time="87.833" classname="aiApp_TC_YesPay.YesPayDashboard"/>
  <testcase name="monthlyCohort" time="47.878" classname="aiApp_TC_YesPay.YesPayDashboard"/>
  <testcase name="last30days" time="72.870" classname="aiApp_TC_YesPay.YesPayDashboard"/>
  <testcase name="thisMonth" time="68.711" classname="aiApp_TC_YesPay.YesPayDashboard"/>
  <testcase name="lastMonth" time="74.578" classname="aiApp_TC_YesPay.YesPayDashboard"/>
  <testcase name="lastSevendays" time="68.540" classname="aiApp_TC_YesPay.YesPayDashboard"/>
</testsuite> <!-- aiApp_TC_YesPay.YesPayDashboard -->
