<?xml version="1.0" encoding="UTF-8"?>
<!-- Generated by org.testng.reporters.JUnitReportReporter -->
<testsuite skipped="0" hostname="DESKTOP-7BRIF19" name="com.AppICE_TC_SetUp_New_Apps.TC_0003" tests="1" failures="0" timestamp="8 Nov 2016 08:49:31 GMT" time="32.605" errors="0">
  <testcase name="IOSApp" time="32.605" classname="com.AppICE_TC_SetUp_New_Apps.TC_0003"/>
</testsuite> <!-- com.AppICE_TC_SetUp_New_Apps.TC_0003 -->
