<?xml version="1.0" encoding="UTF-8"?>
<!-- Generated by org.testng.reporters.JUnitReportReporter -->
<testsuite hostname="Rama-PC" name="com.AppICE_TestCases.TestCase5_Valid_Invalid_Case" tests="1" failures="0" timestamp="13 Sep 2016 05:15:23 GMT" time="4.735" errors="0">
  <testcase name="Homeloginpage_ValidAndInvalid_TestCase5" time="4.735" classname="com.AppICE_TestCases.TestCase5_Valid_Invalid_Case"/>
</testsuite> <!-- com.AppICE_TestCases.TestCase5_Valid_Invalid_Case -->
