<?xml version="1.0" encoding="UTF-8"?>
<!-- Generated by org.testng.reporters.JUnitReportReporter -->
<testsuite hostname="Rama-PC" name="com.AppICE_TestCases_For_RRP_LP.Sample" tests="1" failures="0" timestamp="19 Sep 2016 10:29:09 GMT" time="20.638" errors="0">
  <testcase name="Testing" time="20.638" classname="com.AppICE_TestCases_For_RRP_LP.Sample"/>
</testsuite> <!-- com.AppICE_TestCases_For_RRP_LP.Sample -->
