<?xml version="1.0" encoding="UTF-8"?>
<!-- Generated by org.testng.reporters.JUnitReportReporter -->
<testsuite hostname="Rama-PC" name="com.AppICE_ModuleNamesValidation.TC_0003_App_Names" tests="1" failures="0" timestamp="21 Sep 2016 11:05:59 GMT" time="22.477" errors="0">
  <testcase name="App_names" time="22.477" classname="com.AppICE_ModuleNamesValidation.TC_0003_App_Names"/>
</testsuite> <!-- com.AppICE_ModuleNamesValidation.TC_0003_App_Names -->
