<?xml version="1.0" encoding="UTF-8"?>
<!-- Generated by org.testng.reporters.JUnitReportReporter -->
<testsuite hostname="Rama-PC" name="com.AppICE_TestCases.Sample2" tests="1" failures="0" timestamp="15 Sep 2016 07:57:07 GMT" time="53.083" errors="0">
  <testcase name="Testing" time="53.083" classname="com.AppICE_TestCases.Sample2"/>
</testsuite> <!-- com.AppICE_TestCases.Sample2 -->
