<?xml version="1.0" encoding="UTF-8"?>
<!-- Generated by org.testng.reporters.JUnitReportReporter -->
<testsuite hostname="Rama-PC" name="com.AppICE_TestCases_For_RRP_LP.TestCase_0006_InvalidData" tests="1" failures="0" timestamp="21 Sep 2016 11:05:59 GMT" time="6.184" errors="0">
  <testcase name="Homeloginpage_InvalidAndValid_TestCase_6" time="6.184" classname="com.AppICE_TestCases_For_RRP_LP.TestCase_0006_InvalidData"/>
</testsuite> <!-- com.AppICE_TestCases_For_RRP_LP.TestCase_0006_InvalidData -->
