<?xml version="1.0" encoding="UTF-8"?>
<!-- Generated by org.testng.reporters.JUnitReportReporter -->
<testsuite skipped="0" hostname="DESKTOP-7BRIF19" name="com.AppICE_TC_DemoApp.DemoApp_DashBoard" tests="1" failures="0" timestamp="2 Nov 2016 10:24:36 GMT" time="232.228" errors="0">
  <testcase name="installsWithAPI" time="232.228" classname="com.AppICE_TC_DemoApp.DemoApp_DashBoard"/>
</testsuite> <!-- com.AppICE_TC_DemoApp.DemoApp_DashBoard -->
