<?xml version="1.0" encoding="UTF-8"?>
<!-- Generated by org.testng.reporters.JUnitReportReporter -->
<testsuite hostname="Rama-PC" name="com.AppICE_TestCases.TestCase9_DatafromExcel" tests="1" failures="0" timestamp="19 Sep 2016 07:45:37 GMT" time="13.284" errors="0">
  <testcase name="registerInvalidData" time="13.284" classname="com.AppICE_TestCases.TestCase9_DatafromExcel"/>
</testsuite> <!-- com.AppICE_TestCases.TestCase9_DatafromExcel -->
