<?xml version="1.0" encoding="UTF-8"?>
<!-- Generated by org.testng.reporters.JUnitReportReporter -->
<testsuite hostname="RamaSwamy" name="appICE_Pages.InsideTheAppPage" tests="13" failures="0" timestamp="3 Oct 2017 12:20:55 GMT" time="267.853" errors="0">
  <testcase name="Avgsession" time="14.359" classname="appICE_Pages.InsideTheAppPage"/>
  <testcase name="session" time="16.022" classname="appICE_Pages.InsideTheAppPage"/>
  <testcase name="Uniqueusers" time="14.242" classname="appICE_Pages.InsideTheAppPage"/>
  <testcase name="Uniqueusers" time="32.490" classname="appICE_Pages.InsideTheAppPage"/>
  <testcase name="session" time="25.857" classname="appICE_Pages.InsideTheAppPage"/>
  <testcase name="Avgsession" time="14.176" classname="appICE_Pages.InsideTheAppPage"/>
  <testcase name="loginpage" time="13.414" classname="appICE_Pages.InsideTheAppPage"/>
  <testcase name="Uniqueusers" time="13.901" classname="appICE_Pages.InsideTheAppPage"/>
  <testcase name="Avgsession" time="25.941" classname="appICE_Pages.InsideTheAppPage"/>
  <testcase name="Uniqueusers" time="25.047" classname="appICE_Pages.InsideTheAppPage"/>
  <testcase name="session" time="29.594" classname="appICE_Pages.InsideTheAppPage"/>
  <testcase name="session" time="15.092" classname="appICE_Pages.InsideTheAppPage"/>
  <testcase name="Avgsession" time="27.718" classname="appICE_Pages.InsideTheAppPage"/>
</testsuite> <!-- appICE_Pages.InsideTheAppPage -->
