<?xml version="1.0" encoding="UTF-8"?>
<!-- Generated by org.testng.reporters.JUnitReportReporter -->
<testsuite hostname="Rama-PC" name="com.AppICE_TestCases_For_RRP_LP.TestCase_0003_Invalid" tests="1" failures="0" timestamp="21 Sep 2016 11:05:59 GMT" time="10.003" errors="0">
  <testcase name="Homeloginpage_ValidAndSpace_TestCase_3" time="10.003" classname="com.AppICE_TestCases_For_RRP_LP.TestCase_0003_Invalid"/>
</testsuite> <!-- com.AppICE_TestCases_For_RRP_LP.TestCase_0003_Invalid -->
