<?xml version="1.0" encoding="UTF-8"?>
<!-- Generated by org.testng.reporters.JUnitReportReporter -->
<testsuite hostname="Rama-PC" name="com.AppICE_ModuleNamesValidation.TC_0001_LeftMenuTexts" tests="1" failures="0" timestamp="21 Sep 2016 11:05:59 GMT" time="31.431" errors="0">
  <testcase name="MenuTexts" time="31.431" classname="com.AppICE_ModuleNamesValidation.TC_0001_LeftMenuTexts"/>
</testsuite> <!-- com.AppICE_ModuleNamesValidation.TC_0001_LeftMenuTexts -->
