<?xml version="1.0" encoding="UTF-8"?>
<!-- Generated by org.testng.reporters.JUnitReportReporter -->
<testsuite hostname="Madhuram" name="com.AppICE_TestCases.TestCase3_Valid_Invalid_credencials" tests="1" failures="0" timestamp="11 Sep 2016 08:05:58 GMT" time="13.132" errors="0">
  <testcase name="Homeloginpage" time="13.132" classname="com.AppICE_TestCases.TestCase3_Valid_Invalid_credencials"/>
</testsuite> <!-- com.AppICE_TestCases.TestCase3_Valid_Invalid_credencials -->
