<?xml version="1.0" encoding="UTF-8"?>
<!-- Generated by org.testng.reporters.JUnitReportReporter -->
<testsuite hostname="Rama-PC" name="com.AppICE_TestCases_For_RRP_LP.TestCase_0007_ValidData" tests="1" failures="0" timestamp="21 Sep 2016 11:05:59 GMT" time="5.224" errors="0">
  <testcase name="registerValidData" time="5.224" classname="com.AppICE_TestCases_For_RRP_LP.TestCase_0007_ValidData"/>
</testsuite> <!-- com.AppICE_TestCases_For_RRP_LP.TestCase_0007_ValidData -->
