<?xml version="1.0" encoding="UTF-8"?>
<!-- Generated by org.testng.reporters.JUnitReportReporter -->
<testsuite skipped="0" hostname="DESKTOP-7BRIF19" name="com.AppICE_TC_SetUp_New_Apps.TC_0004" tests="1" failures="0" timestamp="8 Nov 2016 09:51:46 GMT" time="28.524" errors="0">
  <testcase name="nextButtonValidation" time="28.524" classname="com.AppICE_TC_SetUp_New_Apps.TC_0004"/>
</testsuite> <!-- com.AppICE_TC_SetUp_New_Apps.TC_0004 -->
