<?xml version="1.0" encoding="UTF-8"?>
<!-- Generated by org.testng.reporters.JUnitReportReporter -->
<testsuite hostname="Rama-PC" name="com.AppICE_TestCases.TestCase7_DataFromExcel" tests="1" failures="0" timestamp="19 Sep 2016 07:06:46 GMT" time="442.200" errors="0">
  <testcase name="registerValidData" time="442.200" classname="com.AppICE_TestCases.TestCase7_DataFromExcel"/>
</testsuite> <!-- com.AppICE_TestCases.TestCase7_DataFromExcel -->
