<?xml version="1.0" encoding="UTF-8"?>
<!-- Generated by org.testng.reporters.JUnitReportReporter -->
<testsuite hostname="Rama-PC" name="com.AppICE_TestCases.TestCase_0008_InvalidData" tests="1" failures="0" timestamp="19 Sep 2016 09:33:21 GMT" time="10.946" errors="0">
  <testcase name="registerInvalidData" time="10.946" classname="com.AppICE_TestCases.TestCase_0008_InvalidData"/>
</testsuite> <!-- com.AppICE_TestCases.TestCase_0008_InvalidData -->
