<?xml version="1.0" encoding="UTF-8"?>
<!-- Generated by org.testng.reporters.JUnitReportReporter -->
<testsuite name="com.AppICE_TC_DemoApp.testCasesForDemoAPP" tests="1" time="80.374" ignored="0" failures="0" timestamp="05 Jan 2017 14:21:36 GMT" skipped="0" hostname="RamaSwamy" errors="0">
  <testcase name="demoAppVerification" time="80.374" classname="com.AppICE_TC_DemoApp.testCasesForDemoAPP"/>
</testsuite> <!-- com.AppICE_TC_DemoApp.testCasesForDemoAPP -->
