<?xml version="1.0" encoding="UTF-8"?>
<!-- Generated by org.testng.reporters.JUnitReportReporter -->
<testsuite hostname="Madhuram" name="com.AppICE_TestCases.TestCase1" tests="1" failures="0" timestamp="11 Sep 2016 01:47:57 GMT" time="0.406" errors="0">
  <testcase name="loginpage" time="0.406" classname="com.AppICE_TestCases.TestCase1"/>
</testsuite> <!-- com.AppICE_TestCases.TestCase1 -->
