<?xml version="1.0" encoding="UTF-8"?>
<!-- Generated by org.testng.reporters.JUnitReportReporter -->
<testsuite hostname="Rama-PC" name="com.AppICE_TestCases.TestCase3_Valid_Space_Case" tests="1" failures="0" timestamp="13 Sep 2016 05:15:23 GMT" time="3.444" errors="0">
  <testcase name="Homeloginpage_ValidAndSpace_TestCase_3" time="3.444" classname="com.AppICE_TestCases.TestCase3_Valid_Space_Case"/>
</testsuite> <!-- com.AppICE_TestCases.TestCase3_Valid_Space_Case -->
