<?xml version="1.0" encoding="UTF-8"?>
<!-- Generated by org.testng.reporters.JUnitReportReporter -->
<testsuite name="ai_TC_For_RRP_LP.TestCase_0001_lgnpg" tests="1" time="7.402" ignored="4" failures="0" timestamp="01 Aug 2017 09:42:28 GMT" skipped="0" hostname="RamaSwamy" errors="0">
  <testcase name="Homeloginpage_ValidAndInvalid_TestCase5" time="7.402" classname="ai_TC_For_RRP_LP.TestCase_0001_lgnpg"/>
  <testcase name="Loginpage_TestCase_1" classname="ai_TC_For_RRP_LP.TestCase_0001_lgnpg">
    <skipped/>
  </testcase> <!-- Loginpage_TestCase_1 -->
  <testcase name="Homeloginpage_ValidAndSpace_TestCase_3" classname="ai_TC_For_RRP_LP.TestCase_0001_lgnpg">
    <skipped/>
  </testcase> <!-- Homeloginpage_ValidAndSpace_TestCase_3 -->
  <testcase name="Homeloginpage_SpaceAndValid_TestCase_4" classname="ai_TC_For_RRP_LP.TestCase_0001_lgnpg">
    <skipped/>
  </testcase> <!-- Homeloginpage_SpaceAndValid_TestCase_4 -->
  <testcase name="Homeloginpage_BothValids_TestCase_2" classname="ai_TC_For_RRP_LP.TestCase_0001_lgnpg">
    <skipped/>
  </testcase> <!-- Homeloginpage_BothValids_TestCase_2 -->
</testsuite> <!-- ai_TC_For_RRP_LP.TestCase_0001_lgnpg -->
